2.7.6 -> 2.7.6.1

»зменен установщик.


2.7.5 -> 2.7.6

ƒл€ поддержки более полной совместимости с верси€ми ACAD2010 ACAD2011 
нижеследующие функции переписаны на автолиспе:

MNASAddDimStyle	-	добавление таблицы размерноых стилей;
;;;MNASsetDimtxt	-	изменение размерного текста;

MNASsetDimsd1	-	подавление/включение первой выносной линии и стрелки;
MNASsetDimsd2	-	подавление/включение второй выносной линии и стрелки;

MNASsetDimatfit	-	расположение стрелок размерного примитива снаружи/внутри;
MNASsetDimtoh	-	текст размера за размерными лини€ми горизонтально/над линией;

MNASsetDimtad	-	вертикальное расположение текста;
MNASsetDimtmove	-	текст на полке или без полки;
MNASsetDimtofl	-	форсировать отрисовку размерной линии;
MNASsetDimjust	-	горизонтальное расположение текста.

ƒобавлены следующие команды:
create_dim_styles	=	MNASAddDimStyle;
DIM-SD_SE			-	подавление|восстановление стрелок и линий выносок;
dim-rad-rad			-	простановка радиуса радиально;
dim-rad-hor			-	простановка радиуса на полке;
dim-toh				-	расположение размерного текста горизонтально;


2.7.4 -> 2.7.5

1. »справлены пути поддержки дл€ 64-битных версий AutoCAD.
»справление отражаетс€ на большинстве команд выполн€емых в 64-битной версий AutoCAD.

2. ќткорректирована функци€ загрузки в файлах 
MNASoft.mnl
MNASoft18.mnl
»справление отражаетс€ при загрузке меню в 64-битной версии AutoCAD.

 
2.7.3 -> 2.7.4 

1. ¬ыполнены исправлени€ дл€ русских версий ACAD в командах:
la_dhv
vl_s_d
cl_s_d
cl_sw_d
sl_on
sl_off
sl_th
sl_fr
sl_lo
sl_un
svl_th
svl_fr
vl_fr_w+_d

2. ƒобалены команды:
ps - переключение в пространство листа.
ms - переключение в пространство модели.
